[debug] [2024-12-02T19:51:44.765Z] ----------------------------------------------------------------------
[debug] [2024-12-02T19:51:44.771Z] Command:       C:\Program Files\nodejs\node.exe C:\Users\ptros\AppData\Roaming\npm\node_modules\firebase-tools\lib\bin\firebase.js init
[debug] [2024-12-02T19:51:44.771Z] CLI Version:   13.27.0
[debug] [2024-12-02T19:51:44.771Z] Platform:      win32
[debug] [2024-12-02T19:51:44.772Z] Node Version:  v22.11.0
[debug] [2024-12-02T19:51:44.772Z] Time:          Mon Dec 02 2024 13:51:44 GMT-0600 (Central Standard Time)
[debug] [2024-12-02T19:51:44.772Z] ----------------------------------------------------------------------
[debug] 
[debug] [2024-12-02T19:51:44.787Z] > command requires scopes: ["email","openid","https://www.googleapis.com/auth/cloudplatformprojects.readonly","https://www.googleapis.com/auth/firebase","https://www.googleapis.com/auth/cloud-platform"]
[debug] [2024-12-02T19:51:44.787Z] > authorizing via signed-in user (ptrose78@gmail.com)
[info] 
     ######## #### ########  ######## ########     ###     ######  ########
     ##        ##  ##     ## ##       ##     ##  ##   ##  ##       ##
     ######    ##  ########  ######   ########  #########  ######  ######
     ##        ##  ##    ##  ##       ##     ## ##     ##       ## ##
     ##       #### ##     ## ######## ########  ##     ##  ######  ########

You're about to initialize a Firebase project in this directory:

  C:\WebDev Projects\CakeWebsite\my-app

Before we get started, keep in mind:

  * You are currently outside your home directory

[info] 
=== Project Setup
[info] 
[info] First, let's associate this project directory with a Firebase project.
[info] You can create multiple project aliases by running firebase use --add, 
[info] but for now we'll just set up a default project.
[info] 
[debug] [2024-12-02T19:53:35.214Z] Checked if tokens are valid: true, expires at: 1733172482995
[debug] [2024-12-02T19:53:35.214Z] Checked if tokens are valid: true, expires at: 1733172482995
[debug] [2024-12-02T19:53:35.215Z] >>> [apiv2][query] GET https://firebase.googleapis.com/v1beta1/availableProjects pageSize=100
[debug] [2024-12-02T19:53:35.692Z] <<< [apiv2][status] GET https://firebase.googleapis.com/v1beta1/availableProjects 200
[debug] [2024-12-02T19:53:35.692Z] <<< [apiv2][body] GET https://firebase.googleapis.com/v1beta1/availableProjects [omitted]
